NODELIST=hades03
MASTER_ADDR=hades03
MASTER_PORT=50635
01/04/2024 22:51:40 - WARNING - __main__ - Process rank: 0, device: cuda:0, n_gpu: 1distributed training: True, 16-bits training: False
01/04/2024 22:51:40 - INFO - __main__ - Training/evaluation parameters TrainingArguments(
_n_gpu=1,
adafactor=False,
adam_beta1=0.9,
adam_beta2=0.999,
adam_epsilon=1e-08,
auto_find_batch_size=False,
bf16=False,
bf16_full_eval=False,
data_seed=None,
dataloader_drop_last=False,
dataloader_num_workers=0,
dataloader_persistent_workers=False,
dataloader_pin_memory=True,
ddp_backend=None,
ddp_broadcast_buffers=None,
ddp_bucket_cap_mb=None,
ddp_find_unused_parameters=None,
ddp_timeout=1800,
debug=[],
deepspeed=None,
disable_tqdm=False,
dispatch_batches=None,
do_eval=False,
do_predict=False,
do_train=True,
eval_accumulation_steps=None,
eval_delay=0,
eval_steps=None,
evaluation_strategy=no,
fp16=False,
fp16_backend=auto,
fp16_full_eval=False,
fp16_opt_level=O1,
fsdp=[],
fsdp_config={'min_num_params': 0, 'xla': False, 'xla_fsdp_grad_ckpt': False},
fsdp_min_num_params=0,
fsdp_transformer_layer_cls_to_wrap=None,
full_determinism=False,
gradient_accumulation_steps=1,
gradient_checkpointing=False,
gradient_checkpointing_kwargs=None,
greater_is_better=None,
group_by_length=False,
half_precision_backend=auto,
hub_always_push=False,
hub_model_id=None,
hub_private_repo=False,
hub_strategy=every_save,
hub_token=<HUB_TOKEN>,
ignore_data_skip=False,
include_inputs_for_metrics=False,
include_num_input_tokens_seen=False,
include_tokens_per_second=False,
jit_mode_eval=False,
label_names=None,
label_smoothing_factor=0.0,
learning_rate=5e-05,
length_column_name=length,
load_best_model_at_end=False,
local_rank=0,
log_level=passive,
log_level_replica=warning,
log_on_each_node=True,
logging_dir=/home/pp23/pp23s25/GPT_DDP_weights/runs/Jan04_22-51-40_hades03,
logging_first_step=False,
logging_nan_inf_filter=True,
logging_steps=500,
logging_strategy=steps,
lr_scheduler_kwargs={},
lr_scheduler_type=linear,
max_grad_norm=1.0,
max_steps=200,
metric_for_best_model=None,
mp_parameters=,
neftune_noise_alpha=None,
no_cuda=False,
num_train_epochs=3.0,
optim=adamw_torch,
optim_args=None,
output_dir=/home/pp23/pp23s25/GPT_DDP_weights,
overwrite_output_dir=True,
past_index=-1,
per_device_eval_batch_size=8,
per_device_train_batch_size=1,
prediction_loss_only=False,
push_to_hub=False,
push_to_hub_model_id=None,
push_to_hub_organization=None,
push_to_hub_token=<PUSH_TO_HUB_TOKEN>,
ray_scope=last,
remove_unused_columns=True,
report_to=[],
resume_from_checkpoint=None,
run_name=/home/pp23/pp23s25/GPT_DDP_weights,
save_on_each_node=False,
save_only_model=False,
save_safetensors=True,
save_steps=500,
save_strategy=steps,
save_total_limit=None,
seed=42,
skip_memory_metrics=True,
split_batches=False,
tf32=None,
torch_compile=False,
torch_compile_backend=None,
torch_compile_mode=None,
torchdynamo=None,
tpu_metrics_debug=False,
tpu_num_cores=None,
use_cpu=False,
use_ipex=False,
use_legacy_prediction_loop=False,
use_mps_device=False,
warmup_ratio=0.0,
warmup_steps=0,
weight_decay=0.0,
)
01/04/2024 22:51:40 - WARNING - __main__ - Process rank: 1, device: cuda:1, n_gpu: 1distributed training: True, 16-bits training: False
01/04/2024 22:51:44 - INFO - datasets.builder - Overwrite dataset info from restored data version if exists.
01/04/2024 22:51:44 - INFO - datasets.info - Loading Dataset info from /home/pp23/pp23s25/.cache/huggingface/datasets/wikitext/wikitext-2-raw-v1/1.0.0/f5562967961a45407fa15044c5535a607200983f
01/04/2024 22:51:44 - INFO - datasets.builder - Found cached dataset wikitext (/home/pp23/pp23s25/.cache/huggingface/datasets/wikitext/wikitext-2-raw-v1/1.0.0/f5562967961a45407fa15044c5535a607200983f)
01/04/2024 22:51:44 - INFO - datasets.info - Loading Dataset info from /home/pp23/pp23s25/.cache/huggingface/datasets/wikitext/wikitext-2-raw-v1/1.0.0/f5562967961a45407fa15044c5535a607200983f
01/04/2024 22:51:47 - INFO - datasets.arrow_dataset - Loading cached processed dataset at /home/pp23/pp23s25/.cache/huggingface/datasets/wikitext/wikitext-2-raw-v1/1.0.0/f5562967961a45407fa15044c5535a607200983f/cache-4e8021e8ccf5ba6d.arrow
01/04/2024 22:51:48 - INFO - datasets.arrow_dataset - Loading cached processed dataset at /home/pp23/pp23s25/.cache/huggingface/datasets/wikitext/wikitext-2-raw-v1/1.0.0/f5562967961a45407fa15044c5535a607200983f/cache-6c03bd3e850fe8f9.arrow
01/04/2024 22:51:48 - INFO - datasets.arrow_dataset - Loading cached processed dataset at /home/pp23/pp23s25/.cache/huggingface/datasets/wikitext/wikitext-2-raw-v1/1.0.0/f5562967961a45407fa15044c5535a607200983f/cache-399c798545264225.arrow
01/04/2024 22:51:49 - INFO - datasets.arrow_dataset - Loading cached processed dataset at /home/pp23/pp23s25/.cache/huggingface/datasets/wikitext/wikitext-2-raw-v1/1.0.0/f5562967961a45407fa15044c5535a607200983f/cache-6af7ac5542249d36.arrow
01/04/2024 22:51:49 - INFO - datasets.arrow_dataset - Loading cached processed dataset at /home/pp23/pp23s25/.cache/huggingface/datasets/wikitext/wikitext-2-raw-v1/1.0.0/f5562967961a45407fa15044c5535a607200983f/cache-94eee1fd50cc2259.arrow
01/04/2024 22:51:49 - INFO - datasets.arrow_dataset - Loading cached processed dataset at /home/pp23/pp23s25/.cache/huggingface/datasets/wikitext/wikitext-2-raw-v1/1.0.0/f5562967961a45407fa15044c5535a607200983f/cache-2444c150c4a8ef42.arrow
{'train_runtime': 80.3524, 'train_samples_per_second': 4.978, 'train_steps_per_second': 2.489, 'train_loss': 3.3825579833984376, 'epoch': 0.17}
***** train metrics *****
  epoch                    =       0.17
  train_loss               =     3.3826
  train_runtime            = 0:01:20.35
  train_samples            =       2318
  train_samples_per_second =      4.978
  train_steps_per_second   =      2.489
